[debug] [2026-06-06T09:49:37.226Z] ----------------------------------------------------------------------
[debug] [2026-06-06T09:49:37.238Z] Command:       C:\Program Files\nodejs\node.exe C:\Users\Daddoo\AppData\Roaming\npm\node_modules\firebase-tools\lib\bin\firebase.js deploy
[debug] [2026-06-06T09:49:37.239Z] CLI Version:   15.4.0
[debug] [2026-06-06T09:49:37.239Z] Platform:      win32
[debug] [2026-06-06T09:49:37.239Z] Node Version:  v22.20.0
[debug] [2026-06-06T09:49:37.240Z] Time:          Sat Jun 06 2026 14:49:37 GMT+0500 (Pakistan Standard Time)
[debug] [2026-06-06T09:49:37.240Z] ----------------------------------------------------------------------
[debug] 
[debug] [2026-06-06T09:49:41.872Z] > command requires scopes: ["email","openid","https://www.googleapis.com/auth/cloudplatformprojects.readonly","https://www.googleapis.com/auth/firebase","https://www.googleapis.com/auth/cloud-platform"]
[debug] [2026-06-06T09:49:41.873Z] > authorizing via signed-in user (saltanatapni@gmail.com)
[debug] [2026-06-06T09:49:41.873Z] [iam] checking project apni-saltanat for permissions ["cloudfunctions.functions.create","cloudfunctions.functions.delete","cloudfunctions.functions.get","cloudfunctions.functions.list","cloudfunctions.functions.update","cloudfunctions.operations.get","firebase.projects.get","firebasedatabase.instances.update","firebasehosting.sites.update","firebaserules.releases.create","firebaserules.releases.update","firebaserules.rulesets.create"]
[debug] [2026-06-06T09:49:41.877Z] Checked if tokens are valid: true, expires at: 1780742028444
[debug] [2026-06-06T09:49:41.877Z] Checked if tokens are valid: true, expires at: 1780742028444
[debug] [2026-06-06T09:49:41.879Z] >>> [apiv2][query] POST https://cloudresourcemanager.googleapis.com/v1/projects/apni-saltanat:testIamPermissions [none]
[debug] [2026-06-06T09:49:41.879Z] >>> [apiv2][(partial)header] POST https://cloudresourcemanager.googleapis.com/v1/projects/apni-saltanat:testIamPermissions x-goog-quota-user=projects/apni-saltanat
[debug] [2026-06-06T09:49:41.879Z] >>> [apiv2][body] POST https://cloudresourcemanager.googleapis.com/v1/projects/apni-saltanat:testIamPermissions {"permissions":["cloudfunctions.functions.create","cloudfunctions.functions.delete","cloudfunctions.functions.get","cloudfunctions.functions.list","cloudfunctions.functions.update","cloudfunctions.operations.get","firebase.projects.get","firebasedatabase.instances.update","firebasehosting.sites.update","firebaserules.releases.create","firebaserules.releases.update","firebaserules.rulesets.create"]}
[debug] [2026-06-06T09:49:42.788Z] <<< [apiv2][status] POST https://cloudresourcemanager.googleapis.com/v1/projects/apni-saltanat:testIamPermissions 200
[debug] [2026-06-06T09:49:42.788Z] <<< [apiv2][body] POST https://cloudresourcemanager.googleapis.com/v1/projects/apni-saltanat:testIamPermissions {"permissions":["cloudfunctions.functions.create","cloudfunctions.functions.delete","cloudfunctions.functions.get","cloudfunctions.functions.list","cloudfunctions.functions.update","cloudfunctions.operations.get","firebase.projects.get","firebasedatabase.instances.update","firebasehosting.sites.update","firebaserules.releases.create","firebaserules.releases.update","firebaserules.rulesets.create"]}
[debug] [2026-06-06T09:49:42.789Z] Checked if tokens are valid: true, expires at: 1780742028444
[debug] [2026-06-06T09:49:42.789Z] Checked if tokens are valid: true, expires at: 1780742028444
[debug] [2026-06-06T09:49:42.789Z] >>> [apiv2][query] POST https://iam.googleapis.com/v1/projects/apni-saltanat/serviceAccounts/apni-saltanat@appspot.gserviceaccount.com:testIamPermissions [none]
[debug] [2026-06-06T09:49:42.789Z] >>> [apiv2][body] POST https://iam.googleapis.com/v1/projects/apni-saltanat/serviceAccounts/apni-saltanat@appspot.gserviceaccount.com:testIamPermissions {"permissions":["iam.serviceAccounts.actAs"]}
[debug] [2026-06-06T09:49:44.485Z] <<< [apiv2][status] POST https://iam.googleapis.com/v1/projects/apni-saltanat/serviceAccounts/apni-saltanat@appspot.gserviceaccount.com:testIamPermissions 200
[debug] [2026-06-06T09:49:44.485Z] <<< [apiv2][body] POST https://iam.googleapis.com/v1/projects/apni-saltanat/serviceAccounts/apni-saltanat@appspot.gserviceaccount.com:testIamPermissions {"permissions":["iam.serviceAccounts.actAs"]}
[debug] [2026-06-06T09:49:44.485Z] Checked if tokens are valid: true, expires at: 1780742028444
[debug] [2026-06-06T09:49:44.486Z] Checked if tokens are valid: true, expires at: 1780742028444
[debug] [2026-06-06T09:49:44.486Z] >>> [apiv2][query] GET https://firebase.googleapis.com/v1beta1/projects/apni-saltanat [none]
[debug] [2026-06-06T09:49:45.287Z] <<< [apiv2][status] GET https://firebase.googleapis.com/v1beta1/projects/apni-saltanat 200
[debug] [2026-06-06T09:49:45.289Z] <<< [apiv2][body] GET https://firebase.googleapis.com/v1beta1/projects/apni-saltanat {"projectId":"apni-saltanat","projectNumber":"691941073239","displayName":"Apni Saltanat","name":"projects/apni-saltanat","resources":{"hostingSite":"apni-saltanat","realtimeDatabaseInstance":"apni-saltanat-default-rtdb"},"state":"ACTIVE","etag":"1_42bb27f8-0ee9-44f0-92a7-6ef828bc4a3b"}
[debug] [2026-06-06T09:49:45.291Z] Checked if tokens are valid: true, expires at: 1780742028444
[debug] [2026-06-06T09:49:45.291Z] Checked if tokens are valid: true, expires at: 1780742028444
[debug] [2026-06-06T09:49:45.291Z] >>> [apiv2][query] GET https://firebase.googleapis.com/v1beta1/projects/apni-saltanat [none]
[debug] [2026-06-06T09:49:45.659Z] <<< [apiv2][status] GET https://firebase.googleapis.com/v1beta1/projects/apni-saltanat 200
[debug] [2026-06-06T09:49:45.659Z] <<< [apiv2][body] GET https://firebase.googleapis.com/v1beta1/projects/apni-saltanat {"projectId":"apni-saltanat","projectNumber":"691941073239","displayName":"Apni Saltanat","name":"projects/apni-saltanat","resources":{"hostingSite":"apni-saltanat","realtimeDatabaseInstance":"apni-saltanat-default-rtdb"},"state":"ACTIVE","etag":"1_42bb27f8-0ee9-44f0-92a7-6ef828bc4a3b"}
[info] 
[info] === Deploying to 'apni-saltanat'...
[info] 
[info] i  deploying database, storage, functions, hosting 
[info] i  database: checking rules syntax... 
[debug] [2026-06-06T09:49:45.665Z] Checked if tokens are valid: true, expires at: 1780742028444
[debug] [2026-06-06T09:49:45.666Z] Checked if tokens are valid: true, expires at: 1780742028444
[debug] [2026-06-06T09:49:45.666Z] >>> [apiv2][query] GET https://firebasedatabase.googleapis.com/v1beta/projects/apni-saltanat/locations/-/instances/apni-saltanat-default-rtdb [none]
[debug] [2026-06-06T09:49:47.527Z] <<< [apiv2][status] GET https://firebasedatabase.googleapis.com/v1beta/projects/apni-saltanat/locations/-/instances/apni-saltanat-default-rtdb 200
[debug] [2026-06-06T09:49:47.527Z] <<< [apiv2][body] GET https://firebasedatabase.googleapis.com/v1beta/projects/apni-saltanat/locations/-/instances/apni-saltanat-default-rtdb {"name":"projects/691941073239/locations/us-central1/instances/apni-saltanat-default-rtdb","project":"projects/691941073239","databaseUrl":"https://apni-saltanat-default-rtdb.firebaseio.com","type":"DEFAULT_DATABASE","state":"ACTIVE"}
[debug] [2026-06-06T09:49:47.528Z] Checked if tokens are valid: true, expires at: 1780742028444
[debug] [2026-06-06T09:49:47.528Z] Checked if tokens are valid: true, expires at: 1780742028444
[debug] [2026-06-06T09:49:47.528Z] >>> [apiv2][query] PUT https://apni-saltanat-default-rtdb.firebaseio.com/.settings/rules.json dryRun=true
[debug] [2026-06-06T09:49:47.528Z] >>> [apiv2][body] PUT https://apni-saltanat-default-rtdb.firebaseio.com/.settings/rules.json "{\n  \"rules\": {\n    \"users\": {\n      \".read\": \"auth != null && (auth.uid === 'qnWFjg3XNlO7jHDhz84bPJMikP72' || auth.token.email === 'saltanatapni@gmail.com')\",\n      \"sellers\": {\n        \".read\": \"true\",\n        \"$uid\": {\n          \".write\": \"auth != null && (auth.uid === 'qnWFjg3XNlO7jHDhz84bPJMikP72' || auth.token.email === 'saltanatapni@gmail.com' || (auth.uid === $uid && (!newData.exists() || !newData.child('status').exists() || newData.child('status').val() === data.child('status').val() || (!data.exists() && newData.child('status').val() === 'pending'))))\"\n        }\n      },\n      \"buyers\": {\n        \"$uid\": {\n          \".read\": \"auth != null && (auth.uid === $uid || auth.uid === 'qnWFjg3XNlO7jHDhz84bPJMikP72' || auth.token.email === 'saltanatapni@gmail.com')\",\n          \".write\": \"auth != null && (auth.uid === $uid || auth.uid === 'qnWFjg3XNlO7jHDhz84bPJMikP72' || auth.token.email === 'saltanatapni@gmail.com')\"\n        }\n      },\n      \"sardaars\": {\n        \"$uid\": {\n          \".read\": \"true\",\n          \".write\": \"auth != null && (auth.uid === $uid || auth.uid === 'qnWFjg3XNlO7jHDhz84bPJMikP72' || auth.token.email === 'saltanatapni@gmail.com')\"\n        }\n      }\n    },\n    \"products\": {\n      \".read\": \"true\",\n      \"$sellerId\": {\n        \".write\": \"auth != null && (auth.uid === 'qnWFjg3XNlO7jHDhz84bPJMikP72' || auth.token.email === 'saltanatapni@gmail.com' || (auth.uid === $sellerId && root.child('users/sellers').child($sellerId).child('status').val() === 'active'))\"\n      }\n    },\n    \"orders\": {\n      \"$sellerId\": {\n        \".read\": \"auth != null && (auth.uid === $sellerId || auth.uid === 'qnWFjg3XNlO7jHDhz84bPJMikP72' || auth.token.email === 'saltanatapni@gmail.com')\",\n        \"$orderId\": {\n          \".write\": \"auth != null && (auth.uid === $sellerId || auth.uid === 'qnWFjg3XNlO7jHDhz84bPJMikP72' || auth.token.email === 'saltanatapni@gmail.com' || (newData.child('buyerId').val() === auth.uid && root.child('users/sellers').child($sellerId).child('status').val() === 'active'))\",\n          \".read\": \"auth != null && (auth.uid === $sellerId || data.child('buyerId').val() === auth.uid || auth.uid === 'qnWFjg3XNlO7jHDhz84bPJMikP72' || auth.token.email === 'saltanatapni@gmail.com')\"\n        }\n      }\n    },\n    \"reviews\": {\n      \".read\": \"true\",\n      \"$productId\": {\n        \".write\": \"auth != null\"\n      }\n    },\n    \"sellers_ledger\": {\n      \".read\": \"auth != null\",\n      \".write\": \"auth != null && (auth.uid === 'qnWFjg3XNlO7jHDhz84bPJMikP72' || auth.token.email === 'saltanatapni@gmail.com')\"\n    },\n    \"shahi_ledger\": {\n      \".read\": \"auth != null\",\n      \".write\": \"auth != null && (auth.uid === 'qnWFjg3XNlO7jHDhz84bPJMikP72' || auth.token.email === 'saltanatapni@gmail.com')\"\n    }\n  }\n}\n"
[debug] [2026-06-06T09:49:48.547Z] <<< [apiv2][status] PUT https://apni-saltanat-default-rtdb.firebaseio.com/.settings/rules.json 200
[debug] [2026-06-06T09:49:48.547Z] <<< [apiv2][body] PUT https://apni-saltanat-default-rtdb.firebaseio.com/.settings/rules.json {"status":"ok"}
[info] +  database: rules syntax for database apni-saltanat-default-rtdb is valid 
[info] i  storage: ensuring required API firebasestorage.googleapis.com is enabled... 
[debug] [2026-06-06T09:49:48.550Z] Checked if tokens are valid: true, expires at: 1780742028444
[debug] [2026-06-06T09:49:48.550Z] Checked if tokens are valid: true, expires at: 1780742028444
[debug] [2026-06-06T09:49:48.550Z] >>> [apiv2][query] GET https://firebasestorage.googleapis.com/v1alpha/projects/apni-saltanat/defaultBucket [none]
[debug] [2026-06-06T09:49:49.662Z] <<< [apiv2][status] GET https://firebasestorage.googleapis.com/v1alpha/projects/apni-saltanat/defaultBucket 200
[debug] [2026-06-06T09:49:49.662Z] <<< [apiv2][body] GET https://firebasestorage.googleapis.com/v1alpha/projects/apni-saltanat/defaultBucket {"name":"projects/apni-saltanat/defaultBucket","location":"US-CENTRAL1","bucket":{"name":"projects/apni-saltanat/buckets/apni-saltanat.firebasestorage.app"},"storageClass":"REGIONAL"}
[info] i  firebase.storage: checking storage.rules for compilation errors... 
[debug] [2026-06-06T09:49:49.668Z] Checked if tokens are valid: true, expires at: 1780742028444
[debug] [2026-06-06T09:49:49.668Z] Checked if tokens are valid: true, expires at: 1780742028444
[debug] [2026-06-06T09:49:49.668Z] >>> [apiv2][query] POST https://firebaserules.googleapis.com/v1/projects/apni-saltanat:test [none]
[debug] [2026-06-06T09:49:49.668Z] >>> [apiv2][body] POST https://firebaserules.googleapis.com/v1/projects/apni-saltanat:test [omitted]
[debug] [2026-06-06T09:49:50.912Z] <<< [apiv2][status] POST https://firebaserules.googleapis.com/v1/projects/apni-saltanat:test 200
[debug] [2026-06-06T09:49:50.912Z] <<< [apiv2][body] POST https://firebaserules.googleapis.com/v1/projects/apni-saltanat:test {}
[info] +  firebase.storage: rules file storage.rules compiled successfully 
[debug] [2026-06-06T09:49:50.915Z] Checked if tokens are valid: true, expires at: 1780742028444
[debug] [2026-06-06T09:49:50.915Z] Checked if tokens are valid: true, expires at: 1780742028444
[debug] [2026-06-06T09:49:50.916Z] >>> [apiv2][query] GET https://cloudresourcemanager.googleapis.com/v1/projects/apni-saltanat [none]
[debug] [2026-06-06T09:49:52.541Z] <<< [apiv2][status] GET https://cloudresourcemanager.googleapis.com/v1/projects/apni-saltanat 200
[debug] [2026-06-06T09:49:52.541Z] <<< [apiv2][body] GET https://cloudresourcemanager.googleapis.com/v1/projects/apni-saltanat {"projectNumber":"691941073239","projectId":"apni-saltanat","lifecycleState":"ACTIVE","name":"Apni Saltanat","labels":{"firebase":"enabled","firebase-core":"disabled"},"createTime":"2026-02-01T04:22:31.226861Z"}
[info] i  functions: preparing codebase default for deployment 
[info] i  functions: ensuring required API cloudfunctions.googleapis.com is enabled... 
[info] i  functions: ensuring required API cloudbuild.googleapis.com is enabled... 
[info] i  artifactregistry: ensuring required API artifactregistry.googleapis.com is enabled... 
[debug] [2026-06-06T09:49:52.546Z] Checked if tokens are valid: true, expires at: 1780742028444
[debug] [2026-06-06T09:49:52.546Z] Checked if tokens are valid: true, expires at: 1780742028444
[debug] [2026-06-06T09:49:52.546Z] >>> [apiv2][query] GET https://firebase.googleapis.com/v1beta1/projects/apni-saltanat/adminSdkConfig [none]
[debug] [2026-06-06T09:49:53.448Z] <<< [apiv2][status] GET https://firebase.googleapis.com/v1beta1/projects/apni-saltanat/adminSdkConfig 200
[debug] [2026-06-06T09:49:53.449Z] <<< [apiv2][body] GET https://firebase.googleapis.com/v1beta1/projects/apni-saltanat/adminSdkConfig {"projectId":"apni-saltanat","databaseURL":"https://apni-saltanat-default-rtdb.firebaseio.com","storageBucket":"apni-saltanat.firebasestorage.app"}
[debug] [2026-06-06T09:49:53.449Z] Checked if tokens are valid: true, expires at: 1780742028444
[debug] [2026-06-06T09:49:53.449Z] Checked if tokens are valid: true, expires at: 1780742028444
[debug] [2026-06-06T09:49:53.449Z] >>> [apiv2][query] GET https://runtimeconfig.googleapis.com/v1beta1/projects/apni-saltanat/configs [none]
[debug] [2026-06-06T09:49:54.186Z] <<< [apiv2][status] GET https://runtimeconfig.googleapis.com/v1beta1/projects/apni-saltanat/configs 200
[debug] [2026-06-06T09:49:54.186Z] <<< [apiv2][body] GET https://runtimeconfig.googleapis.com/v1beta1/projects/apni-saltanat/configs {}
[debug] [2026-06-06T09:49:54.196Z] Validating nodejs source
[warn] !  functions: Runtime Node.js 20 was deprecated on 2026-04-30 and will be decommissioned on 2026-10-30, after which you will not be able to deploy without upgrading. Consider upgrading now to avoid disruption. See https://cloud.google.com/functions/docs/runtime-support for full details on the lifecycle policy 
[warn] !  functions: package.json indicates an outdated version of firebase-functions. Please upgrade using npm install --save firebase-functions@latest in your functions directory. 
[warn] !  functions: Please note that there will be breaking changes when you upgrade. 
[debug] [2026-06-06T09:49:56.943Z] > [functions] package.json contents: {
  "name": "functions",
  "description": "Cloud Functions for Firebase",
  "scripts": {
    "serve": "firebase serve --only functions",
    "shell": "firebase functions:shell",
    "start": "npm run shell",
    "deploy": "firebase deploy --only functions",
    "logs": "firebase functions:log"
  },
  "engines": {
    "node": "20"
  },
  "main": "index.js",
  "dependencies": {
    "firebase-admin": "^11.5.0",
    "firebase-functions": "^4.2.0"
  },
  "devDependencies": {
    "firebase-functions-test": "^3.0.0"
  },
  "private": true
}
[debug] [2026-06-06T09:49:56.943Z] Building nodejs source
[info] i  functions: Loading and analyzing source code for codebase default to determine what to deploy 
[info] i  functions: You are using a version of firebase-functions SDK (4.9.0) that does not have support for the newest Firebase Extensions features. Please update firebase-functions SDK to >=5.1.0 to use them correctly 
[debug] [2026-06-06T09:49:56.945Z] Could not find functions.yaml. Must use http discovery
[debug] [2026-06-06T09:49:56.960Z] Found firebase-functions binary at 'C:\Users\Daddoo\OneDrive\Desktop\wadde kam\islam\functions\node_modules\.bin\firebase-functions'
[info] Serving at port 8203

[debug] [2026-06-06T09:49:58.603Z] Got response from /__/functions.yaml {"endpoints":{"sendOrderNotification":{"platform":"gcfv1","availableMemoryMb":null,"timeoutSeconds":null,"minInstances":null,"maxInstances":null,"ingressSettings":null,"serviceAccountEmail":null,"vpc":null,"eventTrigger":{"eventType":"providers/google.firebase.database/eventTypes/ref.create","eventFilters":{"resource":"projects/_/instances/apni-saltanat-default-rtdb/refs/orders/{sellerId}/{orderId}"},"retry":false},"labels":{},"entryPoint":"sendOrderNotification"}},"specVersion":"v1alpha1","requiredAPIs":[]}
[info] i  functions: preparing functions directory for uploading... 
[info] i  functions: packaged C:\Users\Daddoo\OneDrive\Desktop\wadde kam\islam\functions (73.02 KB) for uploading 
[debug] [2026-06-06T09:50:02.730Z] Checked if tokens are valid: true, expires at: 1780742028444
[debug] [2026-06-06T09:50:02.730Z] Checked if tokens are valid: true, expires at: 1780742028444
[debug] [2026-06-06T09:50:02.730Z] >>> [apiv2][query] GET https://cloudfunctions.googleapis.com/v1/projects/apni-saltanat/locations/-/functions [none]
[debug] [2026-06-06T09:50:04.421Z] <<< [apiv2][status] GET https://cloudfunctions.googleapis.com/v1/projects/apni-saltanat/locations/-/functions 200
[debug] [2026-06-06T09:50:04.421Z] <<< [apiv2][body] GET https://cloudfunctions.googleapis.com/v1/projects/apni-saltanat/locations/-/functions {"functions":[{"name":"projects/apni-saltanat/locations/us-central1/functions/sendOrderNotification","eventTrigger":{"eventType":"providers/google.firebase.database/eventTypes/ref.create","resource":"projects/_/instances/apni-saltanat-default-rtdb/refs/orders/{sellerId}/{orderId}","service":"firebaseio.com","failurePolicy":{}},"status":"ACTIVE","entryPoint":"sendOrderNotification","timeout":"60s","availableMemoryMb":256,"serviceAccountEmail":"apni-saltanat@appspot.gserviceaccount.com","updateTime":"2026-06-03T16:12:43.827Z","versionId":"5","labels":{"deployment-tool":"cli-firebase","firebase-functions-hash":"3754f5f9fa94f8d68ad02ab8890f872032e8fdcc"},"sourceUploadUrl":"https://storage.googleapis.com/uploads-643611784784.us-central1.cloudfunctions.appspot.com/ce4a11d1-c7f9-4004-9fbf-151c2ddb88a3.zip","environmentVariables":{"FIREBASE_CONFIG":"{\"projectId\":\"apni-saltanat\",\"databaseURL\":\"https://apni-saltanat-default-rtdb.firebaseio.com\",\"storageBucket\":\"apni-saltanat.firebasestorage.app\"}","GCLOUD_PROJECT":"apni-saltanat","EVENTARC_CLOUD_EVENT_SOURCE":"projects/apni-saltanat/locations/us-central1/functions/sendOrderNotification"},"runtime":"nodejs20","maxInstances":3000,"ingressSettings":"ALLOW_ALL","buildId":"251f27af-0571-409d-a11f-362a056de831","buildEnvironmentVariables":{"GOOGLE_NODE_RUN_SCRIPTS":""},"buildName":"projects/691941073239/locations/us-central1/builds/251f27af-0571-409d-a11f-362a056de831","dockerRegistry":"ARTIFACT_REGISTRY","automaticUpdatePolicy":{},"buildServiceAccount":"projects/apni-saltanat/serviceAccounts/691941073239-compute@developer.gserviceaccount.com","satisfiesPzi":true}]}
[debug] [2026-06-06T09:50:04.422Z] Checked if tokens are valid: true, expires at: 1780742028444
[debug] [2026-06-06T09:50:04.422Z] Checked if tokens are valid: true, expires at: 1780742028444
[debug] [2026-06-06T09:50:04.422Z] >>> [apiv2][query] GET https://cloudfunctions.googleapis.com/v2/projects/apni-saltanat/locations/-/functions filter=environment%3D%22GEN_2%22
[debug] [2026-06-06T09:50:05.158Z] <<< [apiv2][status] GET https://cloudfunctions.googleapis.com/v2/projects/apni-saltanat/locations/-/functions 200
[debug] [2026-06-06T09:50:05.158Z] <<< [apiv2][body] GET https://cloudfunctions.googleapis.com/v2/projects/apni-saltanat/locations/-/functions {}
[debug] [2026-06-06T09:50:05.165Z] Checked if tokens are valid: true, expires at: 1780742028444
[debug] [2026-06-06T09:50:05.165Z] Checked if tokens are valid: true, expires at: 1780742028444
[debug] [2026-06-06T09:50:05.165Z] >>> [apiv2][query] GET https://cloudresourcemanager.googleapis.com/v1/projects/apni-saltanat [none]
[debug] [2026-06-06T09:50:06.698Z] <<< [apiv2][status] GET https://cloudresourcemanager.googleapis.com/v1/projects/apni-saltanat 200
[debug] [2026-06-06T09:50:06.698Z] <<< [apiv2][body] GET https://cloudresourcemanager.googleapis.com/v1/projects/apni-saltanat {"projectNumber":"691941073239","projectId":"apni-saltanat","lifecycleState":"ACTIVE","name":"Apni Saltanat","labels":{"firebase":"enabled","firebase-core":"disabled"},"createTime":"2026-02-01T04:22:31.226861Z"}
[debug] [2026-06-06T09:50:06.701Z] Checked if tokens are valid: true, expires at: 1780742028444
[debug] [2026-06-06T09:50:06.701Z] Checked if tokens are valid: true, expires at: 1780742028444
[debug] [2026-06-06T09:50:06.702Z] >>> [apiv2][query] POST https://firebasehosting.googleapis.com/v1beta1/projects/-/sites/apni-saltanat/versions [none]
[debug] [2026-06-06T09:50:06.702Z] >>> [apiv2][body] POST https://firebasehosting.googleapis.com/v1beta1/projects/-/sites/apni-saltanat/versions {"status":"CREATED","labels":{"deployment-tool":"cli-firebase"}}
[debug] [2026-06-06T09:50:09.891Z] <<< [apiv2][status] POST https://firebasehosting.googleapis.com/v1beta1/projects/-/sites/apni-saltanat/versions 200
[debug] [2026-06-06T09:50:09.891Z] <<< [apiv2][body] POST https://firebasehosting.googleapis.com/v1beta1/projects/-/sites/apni-saltanat/versions {"name":"projects/691941073239/sites/apni-saltanat/versions/1da50fa0347c3bd7","status":"CREATED","config":{},"labels":{"deployment-tool":"cli-firebase"}}
[debug] [2026-06-06T09:50:09.892Z] Checked if tokens are valid: true, expires at: 1780742028444
[debug] [2026-06-06T09:50:09.892Z] Checked if tokens are valid: true, expires at: 1780742028444
[debug] [2026-06-06T09:50:09.893Z] >>> [apiv2][query] GET https://firebaserules.googleapis.com/v1/projects/apni-saltanat/releases pageSize=10&pageToken=
[debug] [2026-06-06T09:50:10.875Z] <<< [apiv2][status] GET https://firebaserules.googleapis.com/v1/projects/apni-saltanat/releases 200
[debug] [2026-06-06T09:50:10.876Z] <<< [apiv2][body] GET https://firebaserules.googleapis.com/v1/projects/apni-saltanat/releases {"releases":[{"name":"projects/apni-saltanat/releases/cloud.firestore","rulesetName":"projects/apni-saltanat/rulesets/cafee18f-7241-4c80-85df-9664463d24d1","createTime":"2026-02-01T04:30:08.179056Z","updateTime":"2026-04-02T03:09:42.668252Z"},{"name":"projects/apni-saltanat/releases/firebase.storage/apni-saltanat.firebasestorage.app","rulesetName":"projects/apni-saltanat/rulesets/68aca933-6055-4c50-b5c5-c60915104498","createTime":"2026-02-05T04:33:20.765702Z","updateTime":"2026-06-06T08:41:41.353301Z"}]}
[debug] [2026-06-06T09:50:10.895Z] Checked if tokens are valid: true, expires at: 1780742028444
[debug] [2026-06-06T09:50:10.895Z] Checked if tokens are valid: true, expires at: 1780742028444
[debug] [2026-06-06T09:50:10.896Z] >>> [apiv2][query] GET https://firebaserules.googleapis.com/v1/projects/apni-saltanat/rulesets/68aca933-6055-4c50-b5c5-c60915104498 [none]
[debug] [2026-06-06T09:50:11.873Z] <<< [apiv2][status] GET https://firebaserules.googleapis.com/v1/projects/apni-saltanat/rulesets/68aca933-6055-4c50-b5c5-c60915104498 200
[debug] [2026-06-06T09:50:11.873Z] <<< [apiv2][body] GET https://firebaserules.googleapis.com/v1/projects/apni-saltanat/rulesets/68aca933-6055-4c50-b5c5-c60915104498 [omitted]
[info] i  storage: latest version of storage.rules already up to date, skipping upload... 
[info] i  hosting[apni-saltanat]: beginning deploy... 
[info] i  hosting[apni-saltanat]: found 268 files in public 
[debug] [2026-06-06T09:50:12.056Z] [hosting] uploading with 200 concurrency
[debug] [2026-06-06T09:50:12.119Z] Checked if tokens are valid: true, expires at: 1780742028444
[debug] [2026-06-06T09:50:12.119Z] Checked if tokens are valid: true, expires at: 1780742028444
[debug] [2026-06-06T09:50:12.121Z] [hosting] hash cache [cHVibGlj] stored for 268 files
[debug] [2026-06-06T09:50:12.122Z] [hosting][hash queue][FINAL] {"max":52,"min":0,"avg":3.477460657944238,"active":0,"complete":268,"success":268,"errored":0,"retried":0,"total":268,"elapsed":59}
[debug] [2026-06-06T09:50:12.123Z] >>> [apiv2][query] POST https://firebasehosting.googleapis.com/v1beta1/projects/691941073239/sites/apni-saltanat/versions/1da50fa0347c3bd7:populateFiles [none]
[debug] [2026-06-06T09:50:12.123Z] >>> [apiv2][body] POST https://firebasehosting.googleapis.com/v1beta1/projects/691941073239/sites/apni-saltanat/versions/1da50fa0347c3bd7:populateFiles {"files":{"/urdu_matches_utf8.txt":"cf5389e76019f5fc111b9df4ca1acd8fe51c160d5b26387f0ab406c5fa04028d","/urdu_matches.txt":"80f5dd134e3c11412a3efdc6bbd7988f59854e9810e3bed0ec3cf8d6cd71649e","/theme-manager.js":"f2cd5297662002d794a5394500ece0dac9b4c03216087516f798b5d1b64d60d5","/terms.html":"f83a99bea3a1c28132f1c69e4e518fe46e7a3f8ea800a8a2250d34a52ddef59e","/sw.js":"7b9927937be34441962f2d82d2685ddcb919b3ef66cc488b952e269d59df9897","/sw-master.js":"54fbc53ae498c1afbe9059fa422f47721879fef4abf8019d3433fa1baaf0600b","/style.css":"ea6dbfa324783f3de7def9b79aebbc830341b1ed72cc201cd708f995b07fa4a1","/sitemap.xml":"011f7a455ad1b6ec42f0fad89026e822a927327263532059f1f5981f0f001748","/signup.html":"bcad7c3815836fc5413d6ea062f28bec4fdcd0b4dfddffcfffedf98152ea0b4b","/seller-dashboard.html":"8e0a55b435780515da608685a5377d28d35c90ca9691b126de4c48f5cdba43e9","/scan_urdu.py":"3f72ed460dc3538bb1e3a1528f9104e914c44338d1215adec328b6a1e403d1b9","/royal.css":"3162f05625b3130232fe23646245617128126f78edd9c434a2a41023c93ad547","/robots.txt":"7e1b106a2c8a95a07ece28674248824455b84f680da60262acc207d76cf3fa58","/restore_all.py":"6b11037198610c6fa00a6972e1cbf72d1199079bbc939554e3b20f9810eec028","/refund-policy.html":"80f944bfeb9be6bfb57d9acb1a91ddafb727ec437aa46ec60946139d2d1aa0cf","/recover.py":"5056a73ac8fa24bbab8fe90407ad9386efd751fc7dde04bd94dbf6fe6f2b1fed","/profile.html":"2cdb29afa635453c9bd66611edd3b4806264c666fe150d3917ed3b76bc80ddcc","/privacy-policy.html":"5184c08d63bc08df1693998daaa063dfb355f7ce8aa7306f4f7f22c0f6e80b6c","/manifest.json":"7a98897b1d1fb6b5ed8de960767cb7f9ca8fd859fdb857be2683fa1a80521249","/logo.png":"0962dd840ff1299063d003a3d831b45486e4363403f2e44785999c7502386764","/login.html":"a39e00d8c067a6241f7d58b6367da9cb6940f4bd817d6ffc27a003531c64043b","/instructions.html":"2114be069de1c778e762bb04235bbb18b3431b962a39982009d294b8e9f12161","/index.html":"a66d2848ecfee2ead0ca2c9bc20f2604a1b90fb1404284c06a735eeff4d1c5eb","/functions-package.txt":"72bc66d1d1c2bbca4cb913c3d4a1b77e4e1e2d0d6e1c268a4d765a61cec8e825","/functions-index.txt":"d91d6c6f93dbdaa470e6641a0e372fa93e4d7c2a1b5b0567fdc0f462aba8cd1c","/FOOTER_TEMPLATE.html":"46b50c321b39e89a491b6727a01628c34245605a30beb3e7414c5e01cff90e6e","/FOOTER_STYLE.css":"05414d84eb20040498fd73486df5b8895af370f75a98024af758d2a2e0cfd138","/firebase.js":"fd647593bebb76605a9e2503bc014b2305e2a81d2bdfc965e71d4e2cb7ac4ff5","/firebase-messaging-sw.js":"a7063a9d1e0336182ca60fe02f838e04f4dc77cd2173dc386307d89ffb86080e","/favicon.png":"0962dd840ff1299063d003a3d831b45486e4363403f2e44785999c7502386764","/faq.html":"2c4b88059cc5187c3afeb45c71d300b41c8232cbf00d92767d0e5a5638ebe3e5","/emergency_restore.py":"ea959f8965655a3ffd95962b2d973adca61276aa3f0b919536130d693ce14a14","/disclaimer.html":"d01d29094c7cfa0f65099279e6097e6e73acdde4bcfc655f2ddeaeb6f5e663cd","/contact.html":"5047da53b5057663f3aa756f3b5603c6a7833a75749511abc5da56cb4dcebb04","/cart.html":"66004a2f5d8ebb91faad5d352cde7885c7c41ee482543166b14613243767dd7c","/become-seller.html":"321924123f453f1696dfa359e18e581688f9a6285244f2bb8ed566ff645aaf11","/auth-manager.js":"93ade3b5b32650a1c451d02e8a84381fc0491bc84921686c87eba94c066a68c2","/aqua.html":"bd4446a829cde1903d22ac8e218eafa21f6286136d74e2cd6e239cb5a3a6459f","/ads.txt":"251c713cd5566b30547640d9588d4c32ae973f93a91cec63794fd9531d1a5bf4","/admin-dashboard.html":"80a9ae1c3aa1b2a049b7f8b1a4f4a51c52615a1357c688914bf4ef8990715f53","/.git/index":"e7d63871997e9a9541bde721242a5bc1ed7fe3a1bb958413dd5cb74fcaa11c37","/.git/HEAD":"9191d8db3ee48badb49aa2f44d2e030b6afa030f7805cfb8ec43931772fce6b2","/.git/description":"82406efccfbaa0195ef86e8c8aa8fc71d38fb93a6aa0fbd00d90629d3bbe2342","/.git/config":"ecb8cc8dfbf51c5426404bab262f82c97b40db35caa271bcab6d0ea91881aafa","/.git/COMMIT_EDITMSG":"7767e706b9916a3a0e7cfe625207374a07cbc6108bf76015f2bcefd659398440","/.git/refs/remotes/origin/master":"9c06631f36693392748cb35282280f3c4297853bb2414396907957862fb40c01","/.git/refs/heads/master":"9c06631f36693392748cb35282280f3c4297853bb2414396907957862fb40c01","/.git/objects/ff/3366561fe750510f46529f9a2c1cbd7423e98e":"d28c1fa624a875c466e98869e984b1e5bd017e9febd8688f838b47a4c0ea5d2b","/.git/objects/ff/1cf3cca7da9feb8c7858cd389c3936d2981f5e":"1a94a93c39e7f18d14f53168baa5418acd581de0a91f899ea4daf3ea83f01ff1","/.git/objects/fd/c36d49a04cd05a8036e7a817706e2144b80ec8":"70f9ab73962ff47a7a3f775f23f7661c1a1ea64e5fecab0655b0ed77fd83f342","/.git/objects/fc/f2f291280f7d410a3c051e86baa2a51a274bf6":"2d677d35b214c5f5515f9a65adaea9eff2626dadfa3c0a8c91ba22ffb994a5bf","/.git/objects/fa/4bd868790fd679bc21548e3a2c8c568a5e5cee":"ea70b8b772304bf8253710dbf4f0a98206203e49dab5073149d3050e37daed30","/.git/objects/f9/71dcb78dcc4f8184d211c57dace4196f280bdd":"1d2f62356a97aed320160c22adfb6aa59791f9be167158e7d94de99ace9a9ea1","/.git/objects/f9/6b7a190a16a0f7feadff7481df714ec2dfe6ca":"ac3826711850d6ef95e8426c9d8b3472499c6ebd778beed9642d4bf09cd436a5","/.git/objects/f8/ef886641d215b1db430d166c36d0a17d46cc87":"4fe526e999325f38e7aa3da2d164d260b08ef5274b742f3fd53bbee8e9108c80","/.git/objects/f7/e217191043a27588bfe0241b27973b534f2cea":"3f89a73ba44ebb3816809edcb0ce897fd81caab1cf9e4b75c186a568eb9f3de3","/.git/objects/f6/6ec1dcf08dddb440ae6db530b971115e138e56":"524723970a25ded45e7e17972638a3cd77ea911a0a8d613e95b4fd21bdba0d6c","/.git/objects/f4/5ab86f15b6a71325ecf7b456204383bc278711":"792fbe14ea5d0f259a5d155d3ad4cfa7329a6f8d7878d006cf6f24d8ee17bf91","/.git/objects/f2/8a9f68f6542e75108e6ecca369c20211f0db0d":"0c40151a31edb3ee12ebb4ab4c5bcddfbac65c1cc6423c362296e0312b43ef7b","/.git/objects/f2/7cd6ad7cd499e11abd178358f02440b6c46ced":"b6c0e1d6781ab7030dc398c06a5a8e082714705068618b8de7e613e8898c72ae","/.git/objects/f2/5c05106882f88280ae7871cb4832f2d635e670":"e0ad1f281c3ab2c29a20858ca52c0ba11472a9351f5c75b2fede174a58579016","/.git/objects/ec/5f4b3d0fabf289f52f0a88abd90197577d01c0":"5883d104ea38782bc3ad9c1602205926ad557f1f06fe02c3b564586da71fff36","/.git/objects/ea/b88d74133958d3a1d56592a01b54a113574e26":"87d2d77417292d4617572e6f128f24d6abc598382a7e68c2acc01bf99049ef04","/.git/objects/e9/c415a334c6c579a342f32beff1636e298ecb2f":"453b5642854193524cf55fa9f87ef1d1ce1f7b194505a6b334b5408c2daaba97","/.git/objects/e8/d5a6995a1ff6d7539dabd49091682b61edc2ec":"a477b2bd63f36734f6724909974188c660e243572282be0434621a58d7100a17","/.git/objects/e6/fe1c67e5afda9f1e44f37e784519d290018dba":"99827cb1973127f468e20575a51043c68f7120d7887946456205d8c53560446d","/.git/objects/e6/9de29bb2d1d6434b8b29ae775ad8c2e48c5391":"3ac4fe720dfc516560f3e7ef01dc2753a2f646e7a87dbce1df99f991b7bce18a","/.git/objects/e4/9d0506b510a78b30913e5dcbd24ff50e2cac00":"eea80cbf65736c73eeb08493798f66ed058f0c189eed0e66d2a80274e9fb4e91","/.git/objects/e3/236e88e3a9ec6288200082cf700fb6fb958202":"abc4b824195d582b1a670a84287844a2c6e52697e950b9a29e08a52b5565bb07","/.git/objects/e1/3eeb7b36caee0f85d7f611b56033bf28d21a17":"fc8a280aa8f2d188944ebe3db7b5a1c0d5ca2ff676a220282e5b554db970b570","/.git/objects/e0/e1228d3f0733b8e68d528127a5e07855b67d9d":"6e936872d7649fec672e0fb6c4f49a21dfb6f710e67ca039fc5e029512e10875","/.git/objects/dd/efdc338cc64185d2becd9fffd382d78dad1725":"f6a54b67eafc93299c528da1a363d6dde685e2a90c4c2426dbec9bf9389a148e","/.git/objects/dd/44f1b1d2ff779218a7127215eed00616ec0d00":"d893ea298dd4aef4ba3aabb5b334341545bf2b3ed6be2e2f1954ef0d5c052454","/.git/objects/dc/c9d1b7b7a9c5b5600ce11ba72f7b859d408ab3":"3982e382d922fbc2fb569a96ef82471234f0a1200ce26e61024cacf64e0230cd","/.git/objects/dc/a5bd13697d35c63b4d32ca42c767432e0b08f2":"c6cf0d9d030a3f15a5d4999912d6f8c4f622d0139b0f0b068231771ebc9f88cd","/.git/objects/da/d66f4bf08349af96da9f1733a80d50a3a9c829":"418a0e5a3b816ca7a03840df504b1c7d21ff2070ec1f25e60877c68b5f4d0028","/.git/objects/d9/227747e28e160c7ee6bf19767729eb38444f0c":"8f6ad7d83da9aee0638350e7a2dd10e4a1a6f07ea091667d718bb5b15bb39f61","/.git/objects/d7/f5934a71a3bf69edd26871620dfbfb70819385":"3f3ae3502dfb074476e90c29369e799cff6889e9ef7d2cffb4227dc79d016475","/.git/objects/d7/7d024717da1661b1bf502944404dd4a409c158":"304cf212a54392ee20a819f1fdcba553c77e462f4cda0f73ffe25dfacae3ea47","/.git/objects/d6/13035b9e5d9973ffb64f17da458ff50f9a5b8b":"8c530b2ac334f29ec2c783685e5ebc1cee4080dafa76471c60f286db07dfec48","/.git/objects/d5/d1ef387175a1eca0aa61eaaae2a07359206e9d":"7d530a45365463dd7f3ed71b6a6d9bcabc17697b98a13061bd5c5a4c451059fb","/.git/objects/d5/a9478f5102c75f96726a1e4041b307eb7f9e99":"637c8a8c0037c3f45c7ea7fa384ea2575f918b745be9482a03df0f2049d568d2","/.git/objects/d3/e1c0260ba847dc3d906941f66642f6b944a17e":"cdf4e1a4f4dc102156e77652ae4601efb4016cb9154ab8c17a2f3a221cce9cb0","/.git/objects/d2/733fadf5a8749f79ccbec64a1fc59cdf0f6cd7":"59021ebb3c8f21f46197f5d3a7327c4ef42afa8044016a7d98bc834bf5472170","/.git/objects/d1/2fc0f339fe2bfdc1d809a1cbd95a72f4ffa1c2":"403017b33082b90307c6560005ebd05c04638ecc03c225b6c1d967a90fec106e","/.git/objects/d0/fc8e78e7a79788f3ae5d184dfad0955739421c":"1e09c1ebd5d48a4fc1518395bf5fb1bce36f9e7f8df1b0474376df84bfbcba0b","/.git/objects/d0/63815c279225341b83579387a4ffdc69a32597":"3674bf98f02980cf26fcadcbcb318b648a8895cf64300b7e7f450f1a941a34ae","/.git/objects/d0/127d6e3a54ed63081eb14405540888d74f250f":"eb9950068a7af9e644e9b2aca6ea069bc0be0c95d6bd40f91063a1f7bd087521","/.git/objects/cf/5d1683359264ff9c4909c09756c40f8c69d955":"380fab312ebf9746578c82eab27f0fca0568327758e6f72a7d1b6bd9543f3fd5","/.git/objects/cd/1feffda8d1059935c9dbb1645ecd6c92670d3b":"afb79dd3272b6d2d98c46cbca81313e62cdca6b7caa6bf4813a48f01ef9f8f14","/.git/objects/c8/84fe5fef0182bcf2aedc96da5d4aea0600f4a6":"8991d21ae71926ec7c807db6de0ac1e48010dd0ad8dc5aa465acd0729c9b18f8","/.git/objects/c6/c1d5833d1969ec7d3b20f6a1dbb7e755bfe7fd":"cedd59be7863fc87fcb33f5ff807139da9de25cd536ba90777dbf07c7730e912","/.git/objects/c5/d6d20663ce32cd2fbeb56eccd3fc6ea400e81a":"1514d033379f1a5036e160b6315af7586d041cce5a5b308c55309c8dab1b2d4e","/.git/objects/c3/b8c258e28dba2a1f441c013d947f31b8e4fae5":"7cb642eb19a77272527a46e3600dfcadb2ba3135acb4ca78be1418826a7f8789","/.git/objects/c1/efd33b67fc711da5245ce0a3104202f81b6342":"78a1f91cb717d5ad8a73e485b0957d0ea6b0db8e1215dd409c4dcd2ce896ed91","/.git/objects/c1/08f908c3328fd7b9cf99915356f78e2231ac30":"08e09954d167f96303a5f194dae4925ffce951a31c41609353d4577d79773eac","/.git/objects/c0/3ab3f64cc0ddfc3175665fd279183c8b99b9ad":"2dec076a884545b2dd7228b542e9e8896e954961c174b0b563d35f5bad4ad59e","/.git/objects/bf/998b97eab583c1f018e3af9a02a754cc84fe06":"632b057d3b3830475d145dac54bf8631687b2fd998a4b2e5c0c32d23ce7aeee9","/.git/objects/be/ef021a69ac03890e2a4a56677bca34caf7bfd8":"0fe8cccca6c44c15a3ff22a58c660a44d543b42554b2b086f0106f337acd0e27","/.git/objects/be/483bd54a5a2901601b0aa6d6929ac4fa2479df":"f18b3a4c29a7cc9d07c070492870de5b3d7bdf231d6793ede4e07c80db9a17b1","/.git/objects/bd/ad85056b5984cfee0fd5ee5d853fc2dc5e6a2d":"9aa1fad3a85b96f3573a0ba6085c31f389d2c70ef95b0547696654bfa82bd5c8","/.git/objects/bd/69a523a743f06d36b9fd972093193c5586a69e":"214d37a03be2b94d8cedab18d04ae47a57c5375d164a91d8be2e33a87ce040c4","/.git/objects/bd/357302689b015138d1973d791ec2ee4d00544e":"c521c1b1c18d6dae3f0b3f9071af6773fe445a5416fb2059d8843b130b3cffaf","/.git/objects/b9/3c79295368d5f3e4e57a52e1601ec846e3f2d4":"ca7b401ae6b31a2ddddfe40374abb35c385a3c311393e60ca3eaa6e76539d8fa","/.git/objects/b7/8f3d916387cdfc08764f1664f22947aa65fb57":"2c86baf1613a8e4cc7b8277d52a75a65fa2056dfce0c49a0152b5fb2b80c0b07","/.git/objects/b7/3974dc4b87a2faf6e271550c9fcfc21047a410":"f3176c1772299a02b07cd4c21789c6644cb20632f7b35fcdf7151c837bf2425d","/.git/objects/b5/e3ba6df8b1e8da23c14fdfd82777106a1ec22a":"e314ea109efe4f42d5a3b38a5b212588f392b7863e9155d6f7a8ffa4f92582b2","/.git/objects/b5/8ce75592a6c2e383700fda7aa4fa71633e348d":"2bd4d36b419a63aa0a84de42239558cf5e5258b5fe072a5ece68e4222d169917","/.git/objects/b5/1b3f190a174015aac3575242e69c6dbfd1169c":"6704777828c1a8abb60cc812883f9d647ff97002bd8dc4a6aa863f2b0d3b7794","/.git/objects/b4/59650b25e3db982577424bf02f947fe2624c96":"a627656baa8283d577ffb67803511994273bab2f597e615b13af3fb6a458a20e","/.git/objects/b0/39196aeabe56d6828ed6ce2cf3629c7645a1b9":"cdf7b17024f36904efb927be6282e136bf0acbfe275c8d7cdea736aa1db26fb0","/.git/objects/b0/33321feb843a6c00e7cbd0777e114f1d6f6fee":"711381dedfa320611f48dc90b4fc74b151b6a9c5591538c4f53c8f606f16688b","/.git/objects/ae/9aed7f77cbcc3feb0b2f5cc5d7840963ae8146":"62bbc1a12f64b92ce2974b24412ea55a2e8c059e9e425740965634a670b1d72b","/.git/objects/ad/8314bc1e329e967a5cae991ea39b58de811c53":"a6ea736f177b94d78b168f197e455c7cb706a40e9cc3824904b8ecaf07a63c95","/.git/objects/ac/1a22bc9be597f8d12fb91f22046e460eb211e5":"eb0faa48f0a515a064c0798eac4d56bd604cc496ab6fcfdbf9df6285bb0557c2","/.git/objects/ab/99e59f091ddf0f6733f2b19db49320b4a72439":"1b490643fcfe05d59ae835a116f8b9a3e7b234522b0d14e33bf1ded729bfd643","/.git/objects/aa/9ee545eea721e9a074ffb3e12aa87e43e1685f":"4cb28a403b4ae490fd4ce36191aba284345cd61c66ace5738e58b31f47df5953","/.git/objects/a9/725c92ff1bb5b3f32084fef6d0fc45ef4783b3":"17a554378f24c915868f9726d7797cf73b3414e3165c46e4e6f7bee8ee0f6a2f","/.git/objects/a6/9bb1fc217d273f1ffca0710c718cedc7ac55c4":"198a1236640da57e64e60203f0f89f46c6ff2937650de50f2eb13901ba0b5dea","/.git/objects/a4/581b4b35ea89b54170e88ec666c98f0971a629":"cda311862a881ccc061cf127db1b05a45b35c643449a32367ff3b62870513361","/.git/objects/a1/d888cddbf0ae682a65c7fe26cc7ee5f7efa374":"1c5d26ea50a0a72f360943f3b7d33f6f4c039f3d6809771bab017c04bc132102","/.git/objects/a1/920ef7131a62ed9f5b4c0a196d089c78c3c345":"f83b46d51711b845f11fc75379be8558e44a80c97fc576c1aa2c84e97e389b8c","/.git/objects/a1/30cb2b2c35c06fd6839fd3de64cc44d11c41d0":"a770760a0d38f87efe9bc5ae09b7fdb19ecdcaf4f27082f451259e5978324512","/.git/objects/9b/62cc584556f2e3283a2aa18acb350a388d6368":"346360d2f5a313cc6c183271ff38d6eca8b38efa3b16233fd0457ccc3ff1f702","/.git/objects/9a/7ccbef39d98aaf6c6614124e3c16240c19366e":"fe55658ed594a5b6f8adb780c36349d7d90561b6a8f1aeb7b0fd7567085fdb16","/.git/objects/98/e8e6de529531d947ce14a2810beabbbb7faa9e":"9cffaa987e594778740d3eea83934d928c8d9288d347e151db72234ce9ccf41d","/.git/objects/97/8aa90473dba0a680b6f5b1929762683c64d2fe":"fc9e2e1f85c13b6a3a1684e7ac4e55e3cb9ef8762660ec72957ef396fcfb230f","/.git/objects/97/09c472757ab68c0f33658a1ee6cf5f4f6d8dd2":"6830e5f259009eb26af0cf7d714f16888b706085a96646a2644007159a1b3452","/.git/objects/95/b09956b8e39c098c9cfe98eb806908f82b0fa8":"f776b0368e3f7f9515b24dfbe77137cf8cffecda50feaa21e18758ec951844a9","/.git/objects/95/114187264baffabb643a9fffa1fa367744db37":"6969760d6dff0e3af87cff4d6ffe9f14578c859a2a0912c7b3edb5a2458ca461","/.git/objects/90/db00b87914b976517276f0a6cd5b5d7db1a5fd":"79f75434512423b40e9379ce15fcae125007e2540badab121fec8565a4d821d3","/.git/objects/8f/2b87eeef2b1538cb3269e4b7418ec112889cab":"5d05db3febf224b6b811131db0c725ad67c58f70dec2a1f58bd3ad8c9d59f166","/.git/objects/8e/480bc5ef2e62de9230380c487a7feb158e7eb4":"bd55b3f8b071e3d83f97b49e1f75151a0e02504fffda0735de3e06761cc1eae3","/.git/objects/8d/e64f97bc069ffd2a13011545dd9989f884b1b7":"7ac1da0adaa0ffdd9466607a1255c40fcd9a66da5c914444275f204ba6104b83","/.git/objects/8d/dea13b3c487fa84476e86236c08bb83df381e9":"604724358f77e59f1b3565d1530f8ca6e3be13b1b3263eb68961e292292bd0d8","/.git/objects/8d/9f820d915af53617d8ba85a7b131d01a5d8789":"1f7bb3e2123ad45db45f59e4b95156d1bf2380867ad6761be322619b2f2c576f","/.git/objects/87/c4311c554148c6b89a760e23869a801750ceac":"dc08a3b77cb8b32180c79dc6b8716da1129faf0de67a9d77aee4a2f8d22ec207","/.git/objects/81/86ac9cf4ff7ba93b199cd5e140eb7da0cccd76":"1412f45cc8aa92635730c522152ad51ad646baeaa2d8d1b42b63aca093bc2ceb","/.git/objects/7d/e1417fc93cb82bab59031bb72bf9afbdb4103f":"84d242ea678b421f410778a4016bc6b5382b7fe54bdcbd119a902ffa40d1bccc","/.git/objects/7c/0a1e400c72e05c55c012390acc267adeca44f4":"b582db53acd6438926d227ed85e05ab29b82b2cb3a8e6b45bb32c3fa957edc2b","/.git/objects/7a/adcec526e6b42563140aa85908f9acc612e76f":"bd8355caf16100316be52e0207720752704b343aedba2efb18603b05a19f35aa","/.git/objects/7a/a078dd58e00fee04bd2e7fa0b6e3871c10e327":"893659c6f1022e09fd1200f87d8f95fac8188e9464f184fdaa2d2b7da0e748af","/.git/objects/7a/445c2e54acc39f5e19320003a2b5a469fb708c":"47c4b286db91b37a00f00ab5b5faa842159a58efbc5792aae725193a1ff5ee0a","/.git/objects/79/5c7ee0a496e416e2ff109340573dd54b1fd236":"459b548003bdd6ed5c30e0e008e0670018457b15c2ad2f06f5f3ec2f8759acff","/.git/objects/79/0e45005f9b97fc51adb453868ec261f0950d48":"d8362580520a0dd5cffd708d3526c953f6787e1bff38fb3ecc18fa17d97a3b3d","/.git/objects/78/bd385eddb00c83f827ac3253a97445004b12f9":"789442a913656efd8416919208c108a3020d292cb79f08889fecd6e24f487e39","/.git/objects/78/9ffc031e5a18e6bcba46dd0b4c1f5bb313a232":"018eeaba919ef63613ebff717bcdbb88681569d89f32d2fae650b7b4b3183f19","/.git/objects/72/e583698aeb3ac52db84ce153053053753546d0":"2bd3bca43b08ca871ec75d857a372765d82167fdbcfbf7f619f8ba6d270234ce","/.git/objects/71/9f60b4ae0c49ff27355ffea8cc9712af2bcdb1":"0cbc9fd019c50fb1bf89edf279e7cbe60e0704a021fbdaebf3668279b0a7c949","/.git/objects/6e/f33bb13babb74029f8eb16da44d4c6e7d76765":"6c40711cf118d10c58a4c3622d41eb4e6c17ad8727b2642c4b26d5bbf650a8eb","/.git/objects/6e/657d02477ca7125f0225c33e79fac91f06c2d6":"5bd61240ea634660ceca99da269f77e921ac162971b8ad9d3294717a57960e38","/.git/objects/6c/9cfee67e85c7a2c0271b67de36d42816d1f23c":"7a6696d9aa1831a86973be78fb29de8c5c6b9b19e5da7c4d96b5923816504a3c","/.git/objects/6a/651e254266f022fea1ebe60502576eb25eaabb":"cee6a1267c8ecf5f56715dc8592b2c57f62fa3758aa7ce5b7d564a01d5e82478","/.git/objects/68/84c4b98cdb67934ad7aacfe22df812d0f976fb":"ab62e3eb6887c553dad37f0a4f7d2e5571dd009977b3391433089654f10c3fca","/.git/objects/68/4c7738249e09e29e49d7a20011210dbbc4b56e":"0243c8ba5e502ac258c09ab26a58092276b070c3ab4da93720e3a0ad41016654","/.git/objects/66/58d17d2f15ebdfe575adb5392113acabc46ef1":"ecc2dcfdc3a937b0ebf733c480d58206201b178ecd66092bfa535892c9fb8b27","/.git/objects/65/206e1cb5f8ce72f925427b809f3879dc144d3b":"4bd5696de6601e7ad2756dab6caab3ac47a586f74fef67451112dd100b0f0f69","/.git/objects/64/eac66bdc4d62ea93fb143b3169b9dd2c09b0b1":"1b12a4912c595cd658af212cfb90a5dc8e8f63f28a7c20b48804443aa51667ec","/.git/objects/64/18c1d1ec38040047ab97ce1aae38e78744cd82":"8bf88fb48186f48dcd3b7039889d11cf9d5ca3434e5b67319e85dc5176197453","/.git/objects/64/09c291dee026101db1effe5d84e92044213874":"e3da1abcfc66a573cc4230c23ee5aed17821d6ef1f7aefc0e70dc4a770c831b3","/.git/objects/61/d7617e34deb2c9fed992f107cfd0f3f0734671":"b3586547d998bb93a628c33455aa48f55a094974304b67cd82734c421c4bacf6","/.git/objects/61/83d5837ed7cfdce758ebcd94cfa9ac4f9ae537":"4060d5ebf561700660194c0b8bdd3bca28d7a0507f4cdc1378dc9377a0318f48","/.git/objects/61/4ed956b49090b9e3f33516fd303dd02c870af0":"68c16c23348899dcd79b13436c02eb2fd3903e4a9afe9a88066cfc4a8a47d144","/.git/objects/5f/9650878cd3ae9223b31bf5bf1512f6a6140429":"7b804f553e5e4448acea1f07366493992fa7d094424ec78ff50cf87a2cd336b0","/.git/objects/5d/1a8380af320ef53a66c3ffe6c38e3393657da6":"e799d3fc6ffcf3dcc3836e9c0caae5da088a393f98cee0f4f251cebefc3f3b66","/.git/objects/5c/9b5f439493819ffb734f430bc661f0ddacd6bd":"150209923a651cfd8136e52993bee7136994dbe76dffecf580eaebf20681c09e","/.git/objects/5c/0d52f51af6edccf3f090b59fff53cf9704285f":"90b8f61e127baf2aaf9c7c912ac00741e2635a635fe98e27f270c0e37264db5d","/.git/objects/5b/91fa01469f04ef0b86916a77d01b3b76fa947e":"47be51d9b2b57322d2fcedc7003972d37e0ec385f27c7ff3bce14d0236891a8e","/.git/objects/5a/ee6cb7aa63cab618ce2e4d66241f5ea3417126":"81988068aeb397d771101d0a3eedccc8096fd1d486758e8ad2b66f1d23597604","/.git/objects/5a/d883c4c920fb5a64c01f4b122eca8e7c18147c":"c8be7e0093290d3e5805a66756f13284b2a96f45cd3904a4c5eca32bae28b1a7","/.git/objects/59/a9c0851ded005dacb2272639ea0794728f9413":"f8c9185bb9837e8abf02247357a990634bb89535f0087666f0cc1247aadc0b28","/.git/objects/59/3a5c35b6d3108bb7426f8187221dd72de7f2be":"e13b14d8701422517436712fc7a3545e05e5fd52cb1522a62416a66f072d8d7f","/.git/objects/59/122e6eb076a4babdea582900751544cb2aeef0":"08222cddeb00ef92b8450fdf32512d5acd6ea5df7b0982925ba3f7bdf67e1937","/.git/objects/57/ccdeb0c3647c76a1cc768b582e0060d62b74fe":"f4064da09a7dfbf6f4ceac48a1dc3f6480ca472c7a388f67d4b53a073c393e16","/.git/objects/54/40a28e2173db79d5f30a22eb95e3a9ffb1bd20":"9d467fc202cb7efeb4aab3823551fa994f4e34e01c34b8cab4026fbf4bde270a","/.git/objects/52/bda568893ecc6602e9afa462b6bd106b689c2b":"62e28e1995031d6b32089101eaa971054b73646aca17b1a96a0155d5b1ca4eaa","/.git/objects/4f/8598e103b97c1ef0096aefa3e1d42c1e10724f":"35e61da0370bd7acefa941277702a52d7735d4aedab60ed63df3e7ae07b2ac17","/.git/objects/4f/547b28df4230ce2eeb52305c316f9a8e4eab17":"056a55c15fe40d846b1a747388e60181fb0210f0ec28460285f3bf574603bddb","/.git/objects/4f/1e4e91e5f2730be753820a70c12db0ee64f9ab":"dab6813250c78e3db4209df30fdb485e3bd1c629654f3703cc5103cfbd5c5b6f","/.git/objects/4e/ce8fed6e9fc81bda16f79ad4a11c7e3e2349b6":"26bb44e1283c228793425634b3fc3acacc95ed0d419388de561a45c2b011866d","/.git/objects/4e/61f80e0fc988b18343e9c4de519dc13f551dc7":"4e02fd4d47fb74ff0ac93cb7ff98463b160823f1471688163be2886c5726f68d","/.git/objects/4d/b3d0fb6f2c2a24f61461e581822fb6b17d0396":"0d62706c5bf955feb98a4c48826f0a69df6826ce4519ffcbe6f6be095cf2acf5","/.git/objects/4d/b1d2f7fe09d3adffce64916abac537acbea26c":"1e6da4465eed44389878f2ec6d0db1cb4704b9f635e6a9aa2654ed0e7f3d5ac0","/.git/objects/4d/2483d847d6c7dd9695496dfcdccf4e02b3b188":"72d9c630fa214953cc6848c2868a08fd786e39d8932ebbf4eca76adb00c99a61","/.git/objects/4c/b7cb1fd21b4f19440cafcf09074153f4e69a9c":"615c10cc8c776a54ed5b8a88898c9f961c37383435e32b150e1925f012538ee0","/.git/objects/4c/adf7a90d0719d2eec77900dd173df3d07489f5":"86a74d25e46f492c14cfb937229185314e31500973870eae48f55a8da7080f46","/.git/objects/4b/690d735621efce6fb1afe2014f18ec9801486f":"4de0fa7f02e46535d4707cd7f26b1142a6643f51fcc47f6588c0620598169aa5","/.git/objects/4a/53645deac70b682fa23495a66b2ec3ed69899f":"8e22a7571b3be577885932a603b1609ce851b176f9ac759d5231d5fac81f3032","/.git/objects/49/46c4428009ba9ec46a839fce2d0169622c3708":"876fb1624c10e472b9842695bc3839d8bda207ee69284f470f7e2ca4c079792f","/.git/objects/46/f2e652edfeb7fd16e1ccd970a8fafc79aaeaf9":"5641cb322eb771ef9c0292639e36e225bebf2b6426e52c640314416fbba69a9e","/.git/objects/44/07f79257386a88f1512b5153aea83e15cea8b0":"d6a63569b8f3e0417117af39164f27f1af90eee9c884fd6796e50efe29bf8616","/.git/objects/41/600da699ccb5fd36954497643ccf02c0f2ce62":"3903931cd7708ac8056419d7fa0f9a6ab9e455f31392d7092391d3fe1309a87a","/.git/objects/40/3c75491f5fa44780a16e002410eb782e084b67":"632b754b8e412adae44d1ec9152ef3457fe0eddc306f464f1413e8f3464d58c4","/.git/objects/3c/4b532d7d3cd4258f62af871bb5eea7f70e8e58":"799d73bc4788cd51b4bceeef73464b3ea6ff9118a022e20da05e8c72a67c5a03","/.git/objects/3a/df67f16f0e9f059ec12284b7fff6f3f8c61d13":"2133b9524ce2ab962ef55f991f26038084324c6b69a2ce7a86525ed5d6ca9141","/.git/objects/38/71f9c72307e966898a7246c7365992c419019a":"b7c416480023ae864f4ee93d3e7be062c7a19aae1408ae35250ed5922b378403","/.git/objects/38/419430bc723ab432886460ef636a923cf8045f":"fc645f5c0796c4a954504b595a05ad5739c7b8b82129b6af5137bcb60f52c405","/.git/objects/37/2b9236bc1f9c78ba30e0d1ef76ec151b40bb44":"39f15759bb289eb14f6d3168641eae8addb45d0935fa17e57252c47097fa3ab2","/.git/objects/36/e13012a54741ecd1399e5042610a6038b6a0de":"4cd4a09ae02f2a2d303922473366394e73d7794be0ce12e6c7ae44d14437e268","/.git/objects/36/834dd0ceeac4733304dffa52c8ed6d0103e438":"fe8075343ce10d3acdf02e60324e7fb0c2c4f5b6d1e747bbd9059bdb55409a33","/.git/objects/35/85534acddc4fd4910a6ac4effe16ee09b0427a":"6f921182c44f32a307979a5176b69f31b0ce3eb80cec0270d165c61819688a2e","/.git/objects/34/2b1c97a75f6a5d1633173bf188205b0df821c9":"50c21df2b6ef15c4e03c9733444b9e6b39e38e6707795f4ae0a882d327fecf32","/.git/objects/33/e7d49e1bdf480c7744dc90ff28db501a7807b7":"dc6b0e569b3aaa3175f0c53b332f677e21e8b249ac2b4c9c8a54c0f5e6e5a40e","/.git/objects/33/3079b3fd238043fc134133ccf4b002d15d0f53":"941f9ed3381748a0a417ce913c2379d643429e679518d5bfc036b1682727031b","/.git/objects/32/854e56ed5b33b192a4811a949ea54ec370b854":"b700e716fd50607a69e18203dfe3b16182fd96ed687d8da4d0c6d64d553e0ad4","/.git/objects/31/a2347909572fb74bce77b99f53b6ad459cc0c2":"c6ae4e6b2f899ecfd8b7a13d688a85b1b6b6745f4d1a69ca904a93a2500aafd3","/.git/objects/30/71b78bb9424771162cb9bfdc081cbdd19080cb":"f0a16086f9a3076de0018cfc5234b2b2d6b378a6d575b35310725dfc3b7cc887","/.git/objects/30/0789ee0e92002a93cfd945bf182cc5690cc19b":"b7d4672178dc35a5ccd3965b55ae8a6dc6317a7ce4edfa91499f12cfca50ce33","/.git/objects/2f/f2b0319ee112e12ea453ee6b760a3265e229cd":"58177fc0e36d00bc48cf22f452e735b4a48ad3512037a0ec91025a9eed2119b2","/.git/objects/2f/567570bab6669023f1aedf017fd6b7078f5e26":"c95a69c015d088e0cb5cffc15ccd198525cb3fed28304ff71b7f17fa5fe0ac14","/.git/objects/2d/03fbbce9ee074211e10589edadc30033054274":"77c37ae55fee8f3c3a9dcc35f93d857314b117f2cfe010036136d593e85889ea","/.git/objects/29/6a83a1a4df19dac1b67869e1550dc8276bc2ef":"6ce0d242e1fb325dcfea9478c83329dc9b28665184057efff0a35ddb20bcef74","/.git/objects/24/2ddef87fd9eec1f02ce54e79d3b0184a65146d":"9f889a3d6f1a10788fc018bc7a396caab32cecace4268abd4b90d877bf1ce20c","/.git/objects/23/f79bf9b071bc97cd94ace404aeb7c3a99461a6":"d492c78337a6c9b4937491863496af86a921fe356bc874d9220c3cf152e1bd52","/.git/objects/23/c08667441a130a7f2c1c18ac40dd3d32f42fca":"00683931e34c7154708cdf6d857d7f415d52945cb0b56547e61b428197708db3","/.git/objects/23/0a30fceac49ae01e247bf923d7439b4281d132":"694288a18724112289552712dcfa3b6839f668d8ae27bd18c1741363ff272796","/.git/objects/22/d6db9811111c3eee26fa7042607914ed5695b8":"1a52844e69d69d035e75600f9c5a9a3081be61e67621000b7965becf2b7f0883","/.git/objects/21/44cc8ab76ce35943f0544937ab46993a83ce1f":"b154f9b253518ac46373a66d4f3fe1267386f475b32ca6380b9724c42c2bcdfe","/.git/objects/20/8f5eb87776b9b1ac950cc77790a932fdb39fd1":"552d9f9689ad43c4f6b3c9c6b84217f0b4e05c638b0470bc261105ad9c3b1b9a","/.git/objects/1f/bc552664587c5a5a23d46253de3feb7558c88f":"a1d9a9e5f6bb34f04f24348a2c80ddc5fe137df3b60d0e2aabd7ba94b90a1ea6","/.git/objects/1e/288f65b3bbb09418ee36c22b01003acba67abb":"b97f6e4a2a034fa9a7a96252a75e2c547b9c7f64a99aead5f08bf9422074f7c8","/.git/objects/1e/1dc17d796cf61f0984d0edcda111f438790c93":"8a9ea5a9ef1d6f3192cdfb1ee93b97002310bb1b6be77762fe73639c663db152","/.git/objects/1d/9cd03f0605b2863fe2674da4bc88e9d43446bd":"a8232526289d0d8f1d38bf6554192078bfea1019ac763a3b7c686c3ccafb6b0b","/.git/objects/1d/5ac779222e805c7e0917879933ae26db84a732":"02dee662f473cfd2d8c1bda59b6f85e8782d8b6c0c0098402fea9e3fe18eca81","/.git/objects/1c/ad0c1f98862c3664b109fdbbfc14f887513fe4":"fd622d153b16dac206896979e0e3be06273273a3c08cf9b5076c9ee8fb1f24e5","/.git/objects/1b/92c0b6319f817e84da35a060c87324f7823e9e":"726949f7bebfaec0eef526b6f22de764db7fb697789fa32500e720dd14ec6ea2","/.git/objects/1a/2cdf75fb1eb5a62cffbbbdc647048bd4952ab1":"19bb55f97287306632a5f0c2e4b8fffc38060565468e56be3e660b26b8657195","/.git/objects/14/5579c2f284e3c181d3a7f072489bf437e5ac92":"c0493a09671711a3cab8dc90ece9f1da0860edad47cb73db1af21c7fb830ec3b","/.git/objects/14/4d8488f51e7451e43afcce3afc9e1e323a30fe":"3711812c4ec9ead813f9d484ce997f63a26445d57021d66d982b93367b523ca5","/.git/objects/12/67da35ecce6b9906935673cdccddb1b004152d":"2e14df79511fbc8c87510a80eff25a8196605939512b3d429ddbcfc9098cc3fe","/.git/objects/10/719d2c53e852d76bd53e8162ca18e62ec311b5":"f3faf586397dbc4d2aba596186462a28e9b386e5b27de44336ac17a40f95a270","/.git/objects/0f/7647b92ab5e79df7c6f1caaf99c91ca42c5210":"1cadbd8ea835de2f7c135bedac081c3bb5f86022c86ec6c7c58e21fe6ba5be6a","/.git/objects/0d/58b7bee092a6164ccb9f79f0567f8ddd49a8e6":"870428710585297c0c7f67f638afc705d27dd0c21a8cf6ba82f582e1a8dcc21e","/.git/objects/0c/4ea2683601881eddd6e0ff1c0db3a61b88e6d3":"d5bc36f9a4e8d30c324cb9a9b360508d2fbaa4e5f858a9528f297c03fc39ea50","/.git/objects/0b/b67689d4d57b1aa32584b0ac4c04fa4076ab35":"71e556f18d0ecfe9ea0f5cdd8d21112457dcd218e28a53b7315184e623facda7","/.git/objects/0b/8185664ad04a90b2d60996f163f192f119b847":"65bd1111af3543e09c2c2bc472694cf9755493417a8e6664eac0166cd8a77dd4","/.git/objects/09/cf4d1aafc32a21ec2dd66811c6a248a911e548":"5d3532e69c76ac8b39f9a1a32a05724cb38e28a8f524ce7508a491afbd81bcb0","/.git/objects/09/ba2d184e13e03839c23834e2cf74b2e7da3469":"a88b185961bd3fec47d537e499d2956ac2431ffc2845156ba2dc22cb6b2da181","/.git/objects/09/b7d99888003bd9897314a7c7281317d163f500":"5b7a70122d5631f324dbb883688625fe13dce26de435b54d52801088ce0a59dc","/.git/objects/08/86f20595bdd8c5139defdf80bafc8dc29aa4f3":"873e4c8fc2f3ae4e92f53b0755cf8e743a2eda61466eb6425357dec2a16e6982","/.git/objects/08/3622b606b673882b7767dcf2319d8c4c008d77":"c7a80b9d2b96f77157eef439c645c1d01a6e214a92e3caa0da195c6fb438b383","/.git/objects/08/02f7233e7184098c656ded4078393dbf066b18":"3a4393ad66ad53d6a404306c144c9d84047c3fe391a1b523611dade879be386b","/.git/objects/07/827e1c7b28455c7239c4ed9011ace9e1ef50f2":"b558e8c4ee3d2f9286f960c6050d8a7303fc2443f1d50ecec7601860f960ef6d","/.git/objects/04/0f1e46cf1ea1100938c3bad430cb07ce030bd1":"e6b18486df7b81ace27434aeb4238bd777b1cd26deea2447900b3ec76bfe9f8f","/.git/objects/03/d881c35e3117e0f1341cf3fb01dd311e585c4e":"83f6d99547f3a9a6c57cb10faf82ad2767a73df93e133306275be4533a9c480a","/.git/objects/01/2e835ea1ad2ae07a095dcfff1da1d038bf3580":"7bfb5194af292049c4ac3030a8626cd53558e0d5fcd413bfac4b60ab2ff78515","/.git/objects/00/fb1b979efdb59b74ea0a458939ba7dc6f72b95":"a5679981ebfa97fe7de4f50e4638e8d1f32a2b6840d55dd6a14e288ffb8ec92f","/.git/objects/00/ab6a8483de6984bf0c80f1eed28cfa24571fd1":"3c4dbe99d7e147023fb6656c830f986e5c7f58ba42647d78d5973c36367642fe","/.git/logs/HEAD":"2a077ab4eea2df6a0df975a757d47152180a03b0a48da5131ec0ae1d8240de0c","/.git/logs/refs/remotes/origin/master":"7d7bac3e6c6555beaed0424880daf93003374adf76345ce56bec764663501586","/.git/logs/refs/heads/master":"2a077ab4eea2df6a0df975a757d47152180a03b0a48da5131ec0ae1d8240de0c","/.git/info/exclude":"994a83b0bd13a31e35114caf18e8b7fcff4253406797d657aa1d9ea64c7b721d","/.git/hooks/update.sample":"a022fa3ca5c3a9dffa3c09dc035866a2c4e6e935a372724aabba8dd6a5639fee","/.git/hooks/sendemail-validate.sample":"5179ae7bdd72e97e2d9cdbfcec1e72434f42f7f5748665239355f08badcbbee7","/.git/hooks/push-to-checkout.sample":"b686f0c3faae36d5e3110bd8933f861039094c0a996e5c55c3a776a209ca119b","/.git/hooks/prepare-commit-msg.sample":"da47e5ee9571edfcb45598d9e1ed424dc30a87011c99c5d205015bbc8cfe16cc","/.git/hooks/pre-receive.sample":"518430951f2c7182a5fc07191f43236719c64a5244e0ac82131ea92dbe4a2f67","/.git/hooks/pre-rebase.sample":"4c12afd92c797d205ded918d4da7fff21f264e3347ccfe1f718df372100dea0e","/.git/hooks/pre-push.sample":"661c005b1ebf95bb520578d7421bf511e0d91ecac507fc1818ee60c2e3127f64","/.git/hooks/pre-merge-commit.sample":"08d54483ffa10c472d4b5bf54e637a763a905f6909af1491ad4ca8a19241496c","/.git/hooks/pre-commit.sample":"0dc110f82f15687bb7daae0e09828a248ba74bacc4373b6c5e395fa1140853ef","/.git/hooks/pre-applypatch.sample":"efd041617b404639750884bd01917d80c6ec9917e3021e448a1386a237184a36","/.git/hooks/post-update.sample":"4545774e0eba6264d25197fec3cc1520bfd61d16bf6b417b7b1566460ebc28ec","/.git/hooks/fsmonitor-watchman.sample":"c7efd67fa8de750df765a1cf18a7bdf6c2298ab4a4ab1eed2772a32e4fd9725d","/.git/hooks/commit-msg.sample":"00ffdd1510ab6aa72447787ad1516c9bea8345a9cf6ac5345afb1f44aba07f6f","/.git/hooks/applypatch-msg.sample":"e989aeea500fde675ea8ee009c4cf25aae7abbf4dd02c15b04cb8c85404dbca3","/product.html":"8bcc7cddb8fff7f41bf20738e44bc1b47a5ae1c87f2e1c41c75e874f94f74836","/store.html":"1674e4e1a76759fc2c1c26d2ea4134834ab6d7f9c10045c3a99b24341d3a08d3"}}
